<?xml version="1.0" encoding="UTF-8"?>
<!-- Generated by org.testng.reporters.JUnitXMLReporter -->
<testsuite hostname="ZMO-WIN-ShubhamG-01" ignored="0" name="Command line test" tests="6" failures="0" timestamp="06 Dec 2021 06:37:04 GMT" time="0.039" errors="0">
  <testcase name="IOSApps" time="0.009" classname="qaclickacademy.Mevenjava.AppiumTest"/>
  <testcase name="NativeAppAndroid" time="0.0" classname="qaclickacademy.Mevenjava.AppiumTest"/>
  <testcase name="deleteTwitter" time="0.001" classname="qaclickacademy.Mevenjava.RESTAPITest"/>
  <testcase name="postJira" time="0.001" classname="qaclickacademy.Mevenjava.RESTAPITest"/>
  <testcase name="BrowseAutomation" time="0.0" classname="qaclickacademy.Mevenjava.SeleniumTest"/>
  <testcase name="elementsUi" time="0.0" classname="qaclickacademy.Mevenjava.SeleniumTest"/>
</testsuite> <!-- Command line test -->
