<?xml version="1.0" encoding="UTF-8"?>
<!-- Generated by org.testng.reporters.JUnitXMLReporter -->
<testsuite hostname="ZMO-WIN-ShubhamG-01" ignored="0" name="Test" tests="4" failures="0" timestamp="06 Dec 2021 06:38:37 GMT" time="0.05" errors="0">
  <testcase name="BrowseAutomation" time="0.013" classname="qaclickacademy.Mevenjava.SeleniumTest"/>
  <testcase name="elementsUi" time="0.0" classname="qaclickacademy.Mevenjava.SeleniumTest"/>
  <testcase name="deleteTwitter" time="0.001" classname="qaclickacademy.Mevenjava.RESTAPITest"/>
  <testcase name="postJira" time="0.0" classname="qaclickacademy.Mevenjava.RESTAPITest"/>
</testsuite> <!-- Test -->
