<?xml version="1.0" encoding="UTF-8"?>
<testng-results skipped="0" failed="0" ignored="0" total="4" passed="4">
  <reporter-output>
  </reporter-output>
  <suite name="Suite" duration-ms="50" started-at="2021-12-06T06:38:37Z" finished-at="2021-12-06T06:38:37Z">
    <groups>
    </groups>
    <test name="Test" duration-ms="50" started-at="2021-12-06T06:38:37Z" finished-at="2021-12-06T06:38:37Z">
      <class name="qaclickacademy.Mevenjava.SeleniumTest">
        <test-method status="PASS" signature="BrowseAutomation()[pri:0, instance:qaclickacademy.Mevenjava.SeleniumTest@4450d156]" name="BrowseAutomation" duration-ms="13" started-at="2021-12-06T12:08:37Z" finished-at="2021-12-06T12:08:37Z">
          <reporter-output>
          </reporter-output>
        </test-method> <!-- BrowseAutomation -->
        <test-method status="PASS" signature="elementsUi()[pri:0, instance:qaclickacademy.Mevenjava.SeleniumTest@4450d156]" name="elementsUi" duration-ms="0" started-at="2021-12-06T12:08:37Z" finished-at="2021-12-06T12:08:37Z">
          <reporter-output>
          </reporter-output>
        </test-method> <!-- elementsUi -->
      </class> <!-- qaclickacademy.Mevenjava.SeleniumTest -->
      <class name="qaclickacademy.Mevenjava.RESTAPITest">
        <test-method status="PASS" signature="deleteTwitter()[pri:0, instance:qaclickacademy.Mevenjava.RESTAPITest@77e4c80f]" name="deleteTwitter" duration-ms="1" started-at="2021-12-06T12:08:37Z" finished-at="2021-12-06T12:08:37Z">
          <reporter-output>
          </reporter-output>
        </test-method> <!-- deleteTwitter -->
        <test-method status="PASS" signature="postJira()[pri:0, instance:qaclickacademy.Mevenjava.RESTAPITest@77e4c80f]" name="postJira" duration-ms="0" started-at="2021-12-06T12:08:37Z" finished-at="2021-12-06T12:08:37Z">
          <reporter-output>
          </reporter-output>
        </test-method> <!-- postJira -->
      </class> <!-- qaclickacademy.Mevenjava.RESTAPITest -->
    </test> <!-- Test -->
  </suite> <!-- Suite -->
</testng-results>
