<?xml version="1.0" encoding="UTF-8"?>
<testng-results ignored="0" total="1" passed="1" failed="0" skipped="0">
  <reporter-output>
  </reporter-output>
  <suite started-at="2021-12-01T11:37:19 IST" name="Default suite" finished-at="2021-12-01T11:37:19 IST" duration-ms="100">
    <groups>
    </groups>
    <test started-at="2021-12-01T11:37:19 IST" name="Default test" finished-at="2021-12-01T11:37:19 IST" duration-ms="100">
      <class name="qaclickacademy.Mevenjava.SeleniumTest">
        <test-method signature="BrowseAutomation()[pri:0, instance:qaclickacademy.Mevenjava.SeleniumTest@2af004b]" started-at="2021-12-01T11:37:19 IST" name="BrowseAutomation" finished-at="2021-12-01T11:37:19 IST" duration-ms="13" status="PASS">
          <reporter-output>
          </reporter-output>
        </test-method> <!-- BrowseAutomation -->
      </class> <!-- qaclickacademy.Mevenjava.SeleniumTest -->
    </test> <!-- Default test -->
  </suite> <!-- Default suite -->
</testng-results>
